<?xml version="1.0" encoding="UTF-8"?>
<!-- Generated by org.testng.reporters.JUnitXMLReporter -->
<testsuite ignored="0" hostname="kavbalas" failures="0" tests="6" name="Default test" time="3.102" errors="0" timestamp="02 Apr 2019 09:41:48 GMT">
  <testcase classname="com.selenium.testNGbasics.Timeout" name="openBrowser" time="0.01"/>
  <testcase classname="com.selenium.testNGbasics.Timeout" name="openApp" time="0.0"/>
  <testcase classname="com.selenium.testNGbasics.Timeout" name="composeAction" time="0.0"/>
  <testcase classname="com.selenium.testNGbasics.Timeout" name="attachFileAction" time="3.0"/>
  <testcase classname="com.selenium.testNGbasics.Timeout" name="closeApp" time="0.02"/>
  <testcase classname="com.selenium.testNGbasics.Timeout" name="closeBrowser" time="0.011"/>
</testsuite> <!-- Default test -->
