<?xml version="1.0" encoding="UTF-8"?>
<testng-results ignored="0" total="0" passed="0" failed="0" skipped="0">
  <reporter-output>
  </reporter-output>
  <suite started-at="2019-02-22T07:25:26Z" name="TestNG Suite" finished-at="2019-02-22T07:25:26Z" duration-ms="5">
    <groups>
    </groups>
    <test started-at="2019-02-22T07:25:26Z" name="StringTest" finished-at="2019-02-22T07:25:26Z" duration-ms="5">
    </test> <!-- StringTest -->
  </suite> <!-- TestNG Suite -->
</testng-results>
