<?xml version="1.0" encoding="UTF-8"?>
<!-- Generated by org.testng.reporters.JUnitXMLReporter -->
<testsuite ignored="0" hostname="kavbalas" failures="1" tests="2" name="StringTest" time="0.04" errors="0" timestamp="02 Apr 2019 09:43:56 GMT">
  <testcase classname="com.selenium.testNGbasics.StringOperationTest" name="testlen" time="0.0"/>
  <testcase classname="com.selenium.testNGbasics.StringOperationTest" name="testrev" time="0.0">
    <failure type="java.lang.AssertionError" message="expected [false] but found [ayvak]">
      <![CDATA[java.lang.AssertionError: expected [false] but found [ayvak]
at com.selenium.testNGbasics.StringOperationTest.testrev(StringOperationTest.java:38)
at com.selenium.testNGbasics.TestRunner_String.main(TestRunner_String.java:15)
... Removed 27 stack frames]]>
    </failure>
  </testcase> <!-- testrev -->
</testsuite> <!-- StringTest -->
