<?xml version="1.0" encoding="UTF-8"?>
<testng-results ignored="0" total="6" passed="6" failed="0" skipped="0">
  <reporter-output>
  </reporter-output>
  <suite started-at="2019-04-02T09:41:45Z" name="Default suite" finished-at="2019-04-02T09:41:48Z" duration-ms="3102">
    <groups>
    </groups>
    <test started-at="2019-04-02T09:41:45Z" name="Default test" finished-at="2019-04-02T09:41:48Z" duration-ms="3102">
      <class name="com.selenium.testNGbasics.Timeout">
        <test-method signature="openBrowser()[pri:1, instance:com.selenium.testNGbasics.Timeout@37ceb1df]" started-at="2019-04-02T09:41:45Z" name="openBrowser" finished-at="2019-04-02T09:41:45Z" duration-ms="10" status="PASS">
          <reporter-output>
          </reporter-output>
        </test-method> <!-- openBrowser -->
        <test-method signature="openApp()[pri:2, instance:com.selenium.testNGbasics.Timeout@37ceb1df]" started-at="2019-04-02T09:41:45Z" name="openApp" finished-at="2019-04-02T09:41:45Z" duration-ms="0" status="PASS">
          <reporter-output>
          </reporter-output>
        </test-method> <!-- openApp -->
        <test-method signature="composeAction()[pri:3, instance:com.selenium.testNGbasics.Timeout@37ceb1df]" started-at="2019-04-02T09:41:45Z" name="composeAction" finished-at="2019-04-02T09:41:45Z" depends-on-methods="com.selenium.testNGbasics.Timeout.openApp" duration-ms="0" status="PASS">
          <reporter-output>
          </reporter-output>
        </test-method> <!-- composeAction -->
        <test-method signature="attachFileAction()[pri:4, instance:com.selenium.testNGbasics.Timeout@37ceb1df]" started-at="2019-04-02T09:41:45Z" name="attachFileAction" finished-at="2019-04-02T09:41:48Z" depends-on-methods="com.selenium.testNGbasics.Timeout.composeAction" duration-ms="3000" status="PASS">
          <reporter-output>
          </reporter-output>
        </test-method> <!-- attachFileAction -->
        <test-method signature="closeApp()[pri:6, instance:com.selenium.testNGbasics.Timeout@37ceb1df]" started-at="2019-04-02T09:41:48Z" name="closeApp" finished-at="2019-04-02T09:41:48Z" duration-ms="20" status="PASS">
          <reporter-output>
          </reporter-output>
        </test-method> <!-- closeApp -->
        <test-method signature="closeBrowser()[pri:7, instance:com.selenium.testNGbasics.Timeout@37ceb1df]" started-at="2019-04-02T09:41:48Z" name="closeBrowser" finished-at="2019-04-02T09:41:48Z" duration-ms="11" status="PASS">
          <reporter-output>
          </reporter-output>
        </test-method> <!-- closeBrowser -->
      </class> <!-- com.selenium.testNGbasics.Timeout -->
    </test> <!-- Default test -->
  </suite> <!-- Default suite -->
</testng-results>
